[main] 正在生成文件夹: /home/lux/code/language/python-cpp/build/debug all
[build] 正在启动生成
[proc] 正在执行命令: /home/lux/soft/cmake/bin/cmake --build /home/lux/code/language/python-cpp/build/debug --config Debug --target all --
[build] [0/2] Re-checking globbed directories...
[build] [1/7] Linking CXX executable src/compiler_integration_tests
[build] FAILED: [code=1] src/compiler_integration_tests src/compiler_integration_tests[1]_tests.cmake /home/lux/code/language/python-cpp/build/debug/src/compiler_integration_tests[1]_tests.cmake 
[build] : && /usr/lib/ccache/c++ -DALWAYS_SMALL_CLEAR_STACK -DSMALL_CLEAR_SIZE=4 -g -Wall -Wextra -Wextra-semi -Wshadow -Wnon-virtual-dtor -Wold-style-cast -Wcast-align -Wunused -Woverloaded-virtual -Wpedantic -Wconversion -Wsign-conversion -Wnull-dereference -Wdouble-promotion -Wformat=2 -Wimplicit-fallthrough -Xlinker --dependency-file=src/CMakeFiles/compiler_integration_tests.dir/link.d src/CMakeFiles/pylang-compiler.dir/compiler/Codegen/IREmitter.cpp.o src/CMakeFiles/pylang-compiler.dir/compiler/Codegen/PylangCodegen.cpp.o src/CMakeFiles/pylang-compiler.dir/compiler/Driver/_SimpleDriver.cpp.o src/CMakeFiles/pylang-compiler.dir/compiler/RuntimeLinker/RuntimeLinker.cpp.o src/CMakeFiles/compiler_integration_tests.dir/compiler/Driver/_SimpleDriver_test.cpp.o -o src/compiler_integration_tests  -Wl,-rpath,/usr/lib/llvm-20/lib  src/libpython-cpp.a  lib/libgtest.a  lib/libgtest_main.a  /usr/lib/llvm-20/lib/libLLVMPasses.a  /usr/lib/llvm-20/lib/libLLVMCoroutines.a  /usr/lib/llvm-20/lib/libLLVMHipStdPar.a  /usr/lib/llvm-20/lib/libLLVMipo.a  /usr/lib/llvm-20/lib/libLLVMLinker.a  /usr/lib/llvm-20/lib/libLLVMVectorize.a  /usr/lib/llvm-20/lib/libLLVMSandboxIR.a  /usr/lib/llvm-20/lib/libLLVMFrontendOpenMP.a  /usr/lib/llvm-20/lib/libLLVMFrontendOffloading.a  /usr/lib/llvm-20/lib/libLLVMFrontendAtomic.a  /usr/lib/llvm-20/lib/libLLVMX86CodeGen.a  /usr/lib/llvm-20/lib/libLLVMCFGuard.a  /usr/lib/llvm-20/lib/libLLVMIRPrinter.a  /usr/lib/llvm-20/lib/libLLVMInstrumentation.a  /usr/lib/llvm-20/lib/libLLVMAsmPrinter.a  /usr/lib/llvm-20/lib/libLLVMGlobalISel.a  /usr/lib/llvm-20/lib/libLLVMSelectionDAG.a  /usr/lib/llvm-20/lib/libLLVMCodeGen.a  /usr/lib/llvm-20/lib/libLLVMObjCARCOpts.a  /usr/lib/llvm-20/lib/libLLVMScalarOpts.a  /usr/lib/llvm-20/lib/libLLVMAggressiveInstCombine.a  /usr/lib/llvm-20/lib/libLLVMInstCombine.a  /usr/lib/llvm-20/lib/libLLVMTransformUtils.a  /usr/lib/llvm-20/lib/libLLVMCGData.a  /usr/lib/llvm-20/lib/libLLVMBitWriter.a  /usr/lib/llvm-20/lib/libLLVMTarget.a  /usr/lib/llvm-20/lib/libLLVMAnalysis.a  /usr/lib/llvm-20/lib/libLLVMProfileData.a  /usr/lib/llvm-20/lib/libLLVMSymbolize.a  /usr/lib/llvm-20/lib/libLLVMDebugInfoPDB.a  /usr/lib/llvm-20/lib/libLLVMDebugInfoCodeView.a  /usr/lib/llvm-20/lib/libLLVMDebugInfoMSF.a  /usr/lib/llvm-20/lib/libLLVMDebugInfoBTF.a  /usr/lib/llvm-20/lib/libLLVMDebugInfoDWARF.a  /usr/lib/llvm-20/lib/libLLVMObject.a  /usr/lib/llvm-20/lib/libLLVMIRReader.a  /usr/lib/llvm-20/lib/libLLVMAsmParser.a  /usr/lib/llvm-20/lib/libLLVMBitReader.a  /usr/lib/llvm-20/lib/libLLVMCore.a  /usr/lib/llvm-20/lib/libLLVMRemarks.a  /usr/lib/llvm-20/lib/libLLVMBitstreamReader.a  /usr/lib/llvm-20/lib/libLLVMTextAPI.a  /usr/lib/llvm-20/lib/libLLVMX86AsmParser.a  /usr/lib/llvm-20/lib/libLLVMX86Desc.a  /usr/lib/llvm-20/lib/libLLVMCodeGenTypes.a  /usr/lib/llvm-20/lib/libLLVMMCParser.a  /usr/lib/llvm-20/lib/libLLVMX86Disassembler.a  /usr/lib/llvm-20/lib/libLLVMX86Info.a  /usr/lib/llvm-20/lib/libLLVMMCDisassembler.a  /usr/lib/llvm-20/lib/libLLVMMC.a  /usr/lib/llvm-20/lib/libLLVMBinaryFormat.a  /usr/lib/llvm-20/lib/libLLVMTargetParser.a  /usr/lib/llvm-20/lib/libLLVMSupport.a  /usr/lib/llvm-20/lib/libLLVMDemangle.a  -lrt  /usr/lib/x86_64-linux-gnu/libz.so  /usr/lib/x86_64-linux-gnu/libzstd.so  src/executable/mlir/libpython-mlir.a  src/executable/mlir/Target/PythonBytecode/libTargetPythonBytecode.a  src/libpython-cpp.a  src/executable/mlir/libpython-mlir.a  src/executable/mlir/Target/PythonBytecode/libTargetPythonBytecode.a  _deps/cpptrace-build/libcpptrace.a  _deps/libdwarf-build/src/lib/libdwarf/libdwarf.a  /usr/lib/x86_64-linux-gnu/libz.so  _deps/zstd-build/lib/libzstd.a  _deps/bdwgc-build/libgc.a  -ldl  -lm  /usr/lib/x86_64-linux-gnu/libicuuc.a  -ldl  /usr/lib/x86_64-linux-gnu/libicudata.a  src/executable/mlir/Conversion/libPythonConversionPasses.a  src/executable/mlir/Conversion/PythonToPythonBytecode/libPythonToPythonBytecode.a  src/executable/mlir/Dialect/Python/libPythonMLIRDialect.a  /usr/lib/x86_64-linux-gnu/libgmpxx.a  /usr/lib/x86_64-linux-gnu/libgmp.a  /usr/lib/llvm-20/lib/libMLIRSCFDialect.a  /usr/lib/llvm-20/lib/libMLIRControlFlowDialect.a  /usr/lib/llvm-20/lib/libMLIRTensorDialect.a  /usr/lib/llvm-20/lib/libMLIRAffineDialect.a  /usr/lib/llvm-20/lib/libMLIRMemRefDialect.a  /usr/lib/llvm-20/lib/libMLIRArithUtils.a  /usr/lib/llvm-20/lib/libMLIRDialectUtils.a  /usr/lib/llvm-20/lib/libMLIRComplexDialect.a  /usr/lib/llvm-20/lib/libMLIRArithDialect.a  /usr/lib/llvm-20/lib/libMLIRCastInterfaces.a  /usr/lib/llvm-20/lib/libMLIRInferIntRangeCommon.a  /usr/lib/llvm-20/lib/libMLIRDialect.a  /usr/lib/llvm-20/lib/libMLIRParallelCombiningOpInterface.a  /usr/lib/llvm-20/lib/libMLIRShapedOpInterfaces.a  _deps/spdlog-build/libspdlogd.a  src/executable/mlir/Dialect/EmitPythonBytecode/IR/libEmitPythonBytecodeDialect.a  /usr/lib/llvm-20/lib/libMLIRTargetLLVMIRExport.a  /usr/lib/llvm-20/lib/libMLIRDLTIDialect.a  /usr/lib/llvm-20/lib/libMLIRLLVMIRTransforms.a  /usr/lib/llvm-20/lib/libMLIRFuncDialect.a  /usr/lib/llvm-20/lib/libMLIRTransforms.a  /usr/lib/llvm-20/lib/libMLIRRuntimeVerifiableOpInterface.a  /usr/lib/llvm-20/lib/libMLIRTransformUtils.a  /usr/lib/llvm-20/lib/libMLIRSubsetOpInterface.a  /usr/lib/llvm-20/lib/libMLIRValueBoundsOpInterface.a  /usr/lib/llvm-20/lib/libMLIRDestinationStyleOpInterface.a  /usr/lib/llvm-20/lib/libMLIRRewrite.a  /usr/lib/llvm-20/lib/libMLIRRewritePDL.a  /usr/lib/llvm-20/lib/libMLIRPDLToPDLInterp.a  /usr/lib/llvm-20/lib/libMLIRPass.a  /usr/lib/llvm-20/lib/libMLIRAnalysis.a  /usr/lib/llvm-20/lib/libMLIRLoopLikeInterface.a  /usr/lib/llvm-20/lib/libMLIRViewLikeInterface.a  /usr/lib/llvm-20/lib/libMLIRPresburger.a  /usr/lib/llvm-20/lib/libMLIRPDLInterpDialect.a  /usr/lib/llvm-20/lib/libMLIRPDLDialect.a  /usr/lib/llvm-20/lib/libMLIRUBDialect.a  /usr/lib/llvm-20/lib/libMLIRNVVMDialect.a  /usr/lib/llvm-20/lib/libMLIRLLVMDialect.a  /usr/lib/llvm-20/lib/libMLIRCallInterfaces.a  /usr/lib/llvm-20/lib/libMLIRControlFlowInterfaces.a  /usr/lib/llvm-20/lib/libMLIRFunctionInterfaces.a  /usr/lib/llvm-20/lib/libMLIRInferTypeOpInterface.a  /usr/lib/llvm-20/lib/libMLIRSideEffectInterfaces.a  /usr/lib/llvm-20/lib/libMLIRMemorySlotInterfaces.a  /usr/lib/llvm-20/lib/libMLIRDataLayoutInterfaces.a  /usr/lib/llvm-20/lib/libMLIRInferIntRangeInterface.a  /usr/lib/llvm-20/lib/libMLIRTranslateLib.a  /usr/lib/llvm-20/lib/libMLIRParser.a  /usr/lib/llvm-20/lib/libMLIRBytecodeReader.a  /usr/lib/llvm-20/lib/libMLIRAsmParser.a  /usr/lib/llvm-20/lib/libMLIRIR.a  /usr/lib/llvm-20/lib/libMLIRSupport.a  /usr/lib/llvm-20/lib/libLLVM.so.1  lib/libgtest.a && cd /home/lux/code/language/python-cpp/build/debug/src && /home/lux/soft/cmake/bin/cmake -D TEST_TARGET=compiler_integration_tests -D TEST_EXECUTABLE=/home/lux/code/language/python-cpp/build/debug/src/compiler_integration_tests -D TEST_EXECUTOR= -D TEST_WORKING_DIR=/home/lux/code/language/python-cpp/build/debug/src -D TEST_EXTRA_ARGS= -D "TEST_PROPERTIES=LABELS;Integration;TIMEOUT;300" -D TEST_PREFIX= -D TEST_SUFFIX= -D TEST_FILTER= -D NO_PRETTY_TYPES=FALSE -D NO_PRETTY_VALUES=FALSE -D TEST_LIST=compiler_integration_tests_TESTS -D CTEST_FILE=/home/lux/code/language/python-cpp/build/debug/src/compiler_integration_tests[1]_tests.cmake -D TEST_DISCOVERY_TIMEOUT=5 -D TEST_DISCOVERY_EXTRA_ARGS= -D TEST_XML_OUTPUT_DIR= -P /home/lux/soft/cmake/share/cmake-4.2/Modules/GoogleTestAddTests.cmake
[build] free(): double free detected in tcache 2
[build] CMake Error at /home/lux/soft/cmake/share/cmake-4.2/Modules/GoogleTestAddTests.cmake:382 (message):
[build]   Error running test executable.
[build] 
[build]     Path: '/home/lux/code/language/python-cpp/build/debug/src/compiler_integration_tests'
[build]     Working directory: '/home/lux/code/language/python-cpp/build/debug/src'
[build]     Result: Subprocess aborted
[build]     Output:
[build]       Running main() from /home/lux/code/language/python-cpp/build/debug/.cache/CPM/googletest/1ace/googletest/src/gtest_main.cc
[build]       SimpleDriverTest.
[build]         CreateDriver
[build]         EmitEmptyModule
[build]         CompileToIRWithRuntime
[build]         HelloWorldExecutable
[build]         ComplexAOTCompile_ManualAST
[build]         ComplexAOTCompile_WithParser
[build]         ControlFlowAndIterators
[build]         Feature_BinaryUnaryOps
[build]         Feature_DataStructures
[build]         Feature_ComparisonsAndBoolOps
[build]         Feature_ClosuresAndFunctions
[build]         Feature_AugAssignAndIfExpr
[build]         Feature_SimpleClosure
[build]         Feature_NestedClosure
[build]         Feature_NonlocalClosure
[build]         Feature_ClosureFactory
[build]         Feature_MethodBinding
[build]         Feature_Recursion
[build]         Feature_MultiExcept
[build]         Feature_TryElseFinally
[build]         Feature_ForElse
[build]         Feature_WhileElse
[build]         Feature_StringOps
[build]         Feature_MultiAssign
[build]         Feature_NestedIfElif
[build]         Feature_GlobalDecl
[build]         Feature_ClassInheritance
[build]         Feature_Delete
[build]         Feature_ReturnThroughFinally
[build]         Feature_WithStatement
[build]         Feature_StressTest
[build]         Feature_C3Linearization
[build]         Feature_SuperCall
[build]         Feature_Polymorphism
[build]         Feature_MultipleInheritanceMixin
[build]         Feature_OperatorOverloading
[build]         Feature_ClassStaticMethods
[build]         Feature_Properties
[build]         Feature_IsInstanceIsSubclass
[build]         Feature_BigInteger_ComplexOps
[build]         Feature_LiteralsAndComplex
[build]         Feature_simpleHashAndEquality
[build]       
[build] 
[build] Call Stack (most recent call first):
[build]   /home/lux/soft/cmake/share/cmake-4.2/Modules/GoogleTestAddTests.cmake:421 (gtest_discover_tests_impl)
[build] 
[build] 
[build] [2/7] Linking CXX executable src/compiler_codegen_tests
[build] FAILED: [code=1] src/compiler_codegen_tests src/compiler_codegen_tests[1]_tests.cmake /home/lux/code/language/python-cpp/build/debug/src/compiler_codegen_tests[1]_tests.cmake 
[build] : && /usr/lib/ccache/c++ -DALWAYS_SMALL_CLEAR_STACK -DSMALL_CLEAR_SIZE=4 -g -Wall -Wextra -Wextra-semi -Wshadow -Wnon-virtual-dtor -Wold-style-cast -Wcast-align -Wunused -Woverloaded-virtual -Wpedantic -Wconversion -Wsign-conversion -Wnull-dereference -Wdouble-promotion -Wformat=2 -Wimplicit-fallthrough -Xlinker --dependency-file=src/CMakeFiles/compiler_codegen_tests.dir/link.d src/CMakeFiles/pylang-compiler.dir/compiler/Codegen/IREmitter.cpp.o src/CMakeFiles/pylang-compiler.dir/compiler/Codegen/PylangCodegen.cpp.o src/CMakeFiles/pylang-compiler.dir/compiler/Driver/_SimpleDriver.cpp.o src/CMakeFiles/pylang-compiler.dir/compiler/RuntimeLinker/RuntimeLinker.cpp.o src/CMakeFiles/compiler_codegen_tests.dir/compiler/Codegen/PylangCodegen_test.cpp.o -o src/compiler_codegen_tests  -Wl,-rpath,/usr/lib/llvm-20/lib  src/libpython-cpp.a  lib/libgtest.a  lib/libgtest_main.a  /usr/lib/llvm-20/lib/libLLVMPasses.a  /usr/lib/llvm-20/lib/libLLVMCoroutines.a  /usr/lib/llvm-20/lib/libLLVMHipStdPar.a  /usr/lib/llvm-20/lib/libLLVMipo.a  /usr/lib/llvm-20/lib/libLLVMLinker.a  /usr/lib/llvm-20/lib/libLLVMVectorize.a  /usr/lib/llvm-20/lib/libLLVMSandboxIR.a  /usr/lib/llvm-20/lib/libLLVMFrontendOpenMP.a  /usr/lib/llvm-20/lib/libLLVMFrontendOffloading.a  /usr/lib/llvm-20/lib/libLLVMFrontendAtomic.a  /usr/lib/llvm-20/lib/libLLVMX86CodeGen.a  /usr/lib/llvm-20/lib/libLLVMCFGuard.a  /usr/lib/llvm-20/lib/libLLVMIRPrinter.a  /usr/lib/llvm-20/lib/libLLVMInstrumentation.a  /usr/lib/llvm-20/lib/libLLVMAsmPrinter.a  /usr/lib/llvm-20/lib/libLLVMGlobalISel.a  /usr/lib/llvm-20/lib/libLLVMSelectionDAG.a  /usr/lib/llvm-20/lib/libLLVMCodeGen.a  /usr/lib/llvm-20/lib/libLLVMObjCARCOpts.a  /usr/lib/llvm-20/lib/libLLVMScalarOpts.a  /usr/lib/llvm-20/lib/libLLVMAggressiveInstCombine.a  /usr/lib/llvm-20/lib/libLLVMInstCombine.a  /usr/lib/llvm-20/lib/libLLVMTransformUtils.a  /usr/lib/llvm-20/lib/libLLVMCGData.a  /usr/lib/llvm-20/lib/libLLVMBitWriter.a  /usr/lib/llvm-20/lib/libLLVMTarget.a  /usr/lib/llvm-20/lib/libLLVMAnalysis.a  /usr/lib/llvm-20/lib/libLLVMProfileData.a  /usr/lib/llvm-20/lib/libLLVMSymbolize.a  /usr/lib/llvm-20/lib/libLLVMDebugInfoPDB.a  /usr/lib/llvm-20/lib/libLLVMDebugInfoCodeView.a  /usr/lib/llvm-20/lib/libLLVMDebugInfoMSF.a  /usr/lib/llvm-20/lib/libLLVMDebugInfoBTF.a  /usr/lib/llvm-20/lib/libLLVMDebugInfoDWARF.a  /usr/lib/llvm-20/lib/libLLVMObject.a  /usr/lib/llvm-20/lib/libLLVMIRReader.a  /usr/lib/llvm-20/lib/libLLVMAsmParser.a  /usr/lib/llvm-20/lib/libLLVMBitReader.a  /usr/lib/llvm-20/lib/libLLVMCore.a  /usr/lib/llvm-20/lib/libLLVMRemarks.a  /usr/lib/llvm-20/lib/libLLVMBitstreamReader.a  /usr/lib/llvm-20/lib/libLLVMTextAPI.a  /usr/lib/llvm-20/lib/libLLVMX86AsmParser.a  /usr/lib/llvm-20/lib/libLLVMX86Desc.a  /usr/lib/llvm-20/lib/libLLVMCodeGenTypes.a  /usr/lib/llvm-20/lib/libLLVMMCParser.a  /usr/lib/llvm-20/lib/libLLVMX86Disassembler.a  /usr/lib/llvm-20/lib/libLLVMX86Info.a  /usr/lib/llvm-20/lib/libLLVMMCDisassembler.a  /usr/lib/llvm-20/lib/libLLVMMC.a  /usr/lib/llvm-20/lib/libLLVMBinaryFormat.a  /usr/lib/llvm-20/lib/libLLVMTargetParser.a  /usr/lib/llvm-20/lib/libLLVMSupport.a  /usr/lib/llvm-20/lib/libLLVMDemangle.a  -lrt  /usr/lib/x86_64-linux-gnu/libz.so  /usr/lib/x86_64-linux-gnu/libzstd.so  src/executable/mlir/libpython-mlir.a  src/executable/mlir/Target/PythonBytecode/libTargetPythonBytecode.a  src/libpython-cpp.a  src/executable/mlir/libpython-mlir.a  src/executable/mlir/Target/PythonBytecode/libTargetPythonBytecode.a  _deps/cpptrace-build/libcpptrace.a  _deps/libdwarf-build/src/lib/libdwarf/libdwarf.a  /usr/lib/x86_64-linux-gnu/libz.so  _deps/zstd-build/lib/libzstd.a  _deps/bdwgc-build/libgc.a  -ldl  -lm  /usr/lib/x86_64-linux-gnu/libicuuc.a  -ldl  /usr/lib/x86_64-linux-gnu/libicudata.a  src/executable/mlir/Conversion/libPythonConversionPasses.a  src/executable/mlir/Conversion/PythonToPythonBytecode/libPythonToPythonBytecode.a  src/executable/mlir/Dialect/Python/libPythonMLIRDialect.a  /usr/lib/x86_64-linux-gnu/libgmpxx.a  /usr/lib/x86_64-linux-gnu/libgmp.a  /usr/lib/llvm-20/lib/libMLIRSCFDialect.a  /usr/lib/llvm-20/lib/libMLIRControlFlowDialect.a  /usr/lib/llvm-20/lib/libMLIRTensorDialect.a  /usr/lib/llvm-20/lib/libMLIRAffineDialect.a  /usr/lib/llvm-20/lib/libMLIRMemRefDialect.a  /usr/lib/llvm-20/lib/libMLIRArithUtils.a  /usr/lib/llvm-20/lib/libMLIRDialectUtils.a  /usr/lib/llvm-20/lib/libMLIRComplexDialect.a  /usr/lib/llvm-20/lib/libMLIRArithDialect.a  /usr/lib/llvm-20/lib/libMLIRCastInterfaces.a  /usr/lib/llvm-20/lib/libMLIRInferIntRangeCommon.a  /usr/lib/llvm-20/lib/libMLIRDialect.a  /usr/lib/llvm-20/lib/libMLIRParallelCombiningOpInterface.a  /usr/lib/llvm-20/lib/libMLIRShapedOpInterfaces.a  _deps/spdlog-build/libspdlogd.a  src/executable/mlir/Dialect/EmitPythonBytecode/IR/libEmitPythonBytecodeDialect.a  /usr/lib/llvm-20/lib/libMLIRTargetLLVMIRExport.a  /usr/lib/llvm-20/lib/libMLIRDLTIDialect.a  /usr/lib/llvm-20/lib/libMLIRLLVMIRTransforms.a  /usr/lib/llvm-20/lib/libMLIRFuncDialect.a  /usr/lib/llvm-20/lib/libMLIRTransforms.a  /usr/lib/llvm-20/lib/libMLIRRuntimeVerifiableOpInterface.a  /usr/lib/llvm-20/lib/libMLIRTransformUtils.a  /usr/lib/llvm-20/lib/libMLIRSubsetOpInterface.a  /usr/lib/llvm-20/lib/libMLIRValueBoundsOpInterface.a  /usr/lib/llvm-20/lib/libMLIRDestinationStyleOpInterface.a  /usr/lib/llvm-20/lib/libMLIRRewrite.a  /usr/lib/llvm-20/lib/libMLIRRewritePDL.a  /usr/lib/llvm-20/lib/libMLIRPDLToPDLInterp.a  /usr/lib/llvm-20/lib/libMLIRPass.a  /usr/lib/llvm-20/lib/libMLIRAnalysis.a  /usr/lib/llvm-20/lib/libMLIRLoopLikeInterface.a  /usr/lib/llvm-20/lib/libMLIRViewLikeInterface.a  /usr/lib/llvm-20/lib/libMLIRPresburger.a  /usr/lib/llvm-20/lib/libMLIRPDLInterpDialect.a  /usr/lib/llvm-20/lib/libMLIRPDLDialect.a  /usr/lib/llvm-20/lib/libMLIRUBDialect.a  /usr/lib/llvm-20/lib/libMLIRNVVMDialect.a  /usr/lib/llvm-20/lib/libMLIRLLVMDialect.a  /usr/lib/llvm-20/lib/libMLIRCallInterfaces.a  /usr/lib/llvm-20/lib/libMLIRControlFlowInterfaces.a  /usr/lib/llvm-20/lib/libMLIRFunctionInterfaces.a  /usr/lib/llvm-20/lib/libMLIRInferTypeOpInterface.a  /usr/lib/llvm-20/lib/libMLIRSideEffectInterfaces.a  /usr/lib/llvm-20/lib/libMLIRMemorySlotInterfaces.a  /usr/lib/llvm-20/lib/libMLIRDataLayoutInterfaces.a  /usr/lib/llvm-20/lib/libMLIRInferIntRangeInterface.a  /usr/lib/llvm-20/lib/libMLIRTranslateLib.a  /usr/lib/llvm-20/lib/libMLIRParser.a  /usr/lib/llvm-20/lib/libMLIRBytecodeReader.a  /usr/lib/llvm-20/lib/libMLIRAsmParser.a  /usr/lib/llvm-20/lib/libMLIRIR.a  /usr/lib/llvm-20/lib/libMLIRSupport.a  /usr/lib/llvm-20/lib/libLLVM.so.1  lib/libgtest.a && cd /home/lux/code/language/python-cpp/build/debug/src && /home/lux/soft/cmake/bin/cmake -D TEST_TARGET=compiler_codegen_tests -D TEST_EXECUTABLE=/home/lux/code/language/python-cpp/build/debug/src/compiler_codegen_tests -D TEST_EXECUTOR= -D TEST_WORKING_DIR=/home/lux/code/language/python-cpp/build/debug/src -D TEST_EXTRA_ARGS= -D "TEST_PROPERTIES=LABELS;Codegen" -D TEST_PREFIX= -D TEST_SUFFIX= -D TEST_FILTER= -D NO_PRETTY_TYPES=FALSE -D NO_PRETTY_VALUES=FALSE -D TEST_LIST=compiler_codegen_tests_TESTS -D CTEST_FILE=/home/lux/code/language/python-cpp/build/debug/src/compiler_codegen_tests[1]_tests.cmake -D TEST_DISCOVERY_TIMEOUT=5 -D TEST_DISCOVERY_EXTRA_ARGS= -D TEST_XML_OUTPUT_DIR= -P /home/lux/soft/cmake/share/cmake-4.2/Modules/GoogleTestAddTests.cmake
[build] free(): double free detected in tcache 2
[build] CMake Error at /home/lux/soft/cmake/share/cmake-4.2/Modules/GoogleTestAddTests.cmake:382 (message):
[build]   Error running test executable.
[build] 
[build]     Path: '/home/lux/code/language/python-cpp/build/debug/src/compiler_codegen_tests'
[build]     Working directory: '/home/lux/code/language/python-cpp/build/debug/src'
[build]     Result: Subprocess aborted
[build]     Output:
[build]       Running main() from /home/lux/code/language/python-cpp/build/debug/.cache/CPM/googletest/1ace/googletest/src/gtest_main.cc
[build]       PylangCodegenTest.
[build]         EmptyModule
[build]         IntegerConstant
[build]         StringConstant
[build]         BooleanConstants
[build]         NoneConstant
[build]         BinaryAdd
[build]         UnaryNeg
[build]         CompareEq
[build]         LoadGlobal
[build]         FunctionCall
[build]         IfStatement
[build]         WhileLoop
[build]         ForLoop
[build]         ListLiteral
[build]         PassStatement
[build]         AssertStatement
[build]         AugAssignAdd
[build]         AugAssignSub
[build]         AugAssignMul
[build]         AugAssignOr
[build]         RaiseWithException
[build]         BareRaise
[build]         LambdaBasic
[build]         LambdaWithBinaryBody
[build]         FunctionWithDefaultArg
[build]         FunctionNoDefaults
[build]         FunctionWithDecorator
[build]         ChainedCompare
[build]         CompareIs
[build]         CompareIn
[build]         SimpleClass
[build]         ClassWithBase
[build]         ClassWithMethodAndAttribute
[build]         ClassWithDecorator
[build]         ClassWithMetaclass
[build]         NamedExpr
[build]         DeleteGlobal
[build]         TryExceptBasic
[build]         TryFinally
[build]         WithStatement
[build]         WithStatementInvoke
[build]         StoreSubscript
[build]         SliceLoad
[build]         TupleUnpack
[build]       
[build] 
[build] Call Stack (most recent call first):
[build]   /home/lux/soft/cmake/share/cmake-4.2/Modules/GoogleTestAddTests.cmake:421 (gtest_discover_tests_impl)
[build] 
[build] 
[build] [3/7] Linking CXX executable src/compiler_unit_tests
[build] FAILED: [code=1] src/compiler_unit_tests src/compiler_unit_tests[1]_tests.cmake /home/lux/code/language/python-cpp/build/debug/src/compiler_unit_tests[1]_tests.cmake 
[build] : && /usr/lib/ccache/c++ -DALWAYS_SMALL_CLEAR_STACK -DSMALL_CLEAR_SIZE=4 -g -Wall -Wextra -Wextra-semi -Wshadow -Wnon-virtual-dtor -Wold-style-cast -Wcast-align -Wunused -Woverloaded-virtual -Wpedantic -Wconversion -Wsign-conversion -Wnull-dereference -Wdouble-promotion -Wformat=2 -Wimplicit-fallthrough -Xlinker --dependency-file=src/CMakeFiles/compiler_unit_tests.dir/link.d src/CMakeFiles/pylang-compiler.dir/compiler/Codegen/IREmitter.cpp.o src/CMakeFiles/pylang-compiler.dir/compiler/Codegen/PylangCodegen.cpp.o src/CMakeFiles/pylang-compiler.dir/compiler/Driver/_SimpleDriver.cpp.o src/CMakeFiles/pylang-compiler.dir/compiler/RuntimeLinker/RuntimeLinker.cpp.o src/CMakeFiles/compiler_unit_tests.dir/compiler/Codegen/IREmitter_test.cpp.o src/CMakeFiles/compiler_unit_tests.dir/compiler/RuntimeLinker/RuntimeLinker_test.cpp.o src/CMakeFiles/compiler_unit_tests.dir/compiler/Support/LLVMUtils_test.cpp.o src/CMakeFiles/compiler_unit_tests.dir/compiler/Support/StringUtils_test.cpp.o -o src/compiler_unit_tests  -Wl,-rpath,/usr/lib/llvm-20/lib  src/libpython-cpp.a  lib/libgtest.a  lib/libgtest_main.a  /usr/lib/llvm-20/lib/libLLVMPasses.a  /usr/lib/llvm-20/lib/libLLVMCoroutines.a  /usr/lib/llvm-20/lib/libLLVMHipStdPar.a  /usr/lib/llvm-20/lib/libLLVMipo.a  /usr/lib/llvm-20/lib/libLLVMLinker.a  /usr/lib/llvm-20/lib/libLLVMVectorize.a  /usr/lib/llvm-20/lib/libLLVMSandboxIR.a  /usr/lib/llvm-20/lib/libLLVMFrontendOpenMP.a  /usr/lib/llvm-20/lib/libLLVMFrontendOffloading.a  /usr/lib/llvm-20/lib/libLLVMFrontendAtomic.a  /usr/lib/llvm-20/lib/libLLVMX86CodeGen.a  /usr/lib/llvm-20/lib/libLLVMCFGuard.a  /usr/lib/llvm-20/lib/libLLVMIRPrinter.a  /usr/lib/llvm-20/lib/libLLVMInstrumentation.a  /usr/lib/llvm-20/lib/libLLVMAsmPrinter.a  /usr/lib/llvm-20/lib/libLLVMGlobalISel.a  /usr/lib/llvm-20/lib/libLLVMSelectionDAG.a  /usr/lib/llvm-20/lib/libLLVMCodeGen.a  /usr/lib/llvm-20/lib/libLLVMObjCARCOpts.a  /usr/lib/llvm-20/lib/libLLVMScalarOpts.a  /usr/lib/llvm-20/lib/libLLVMAggressiveInstCombine.a  /usr/lib/llvm-20/lib/libLLVMInstCombine.a  /usr/lib/llvm-20/lib/libLLVMTransformUtils.a  /usr/lib/llvm-20/lib/libLLVMCGData.a  /usr/lib/llvm-20/lib/libLLVMBitWriter.a  /usr/lib/llvm-20/lib/libLLVMTarget.a  /usr/lib/llvm-20/lib/libLLVMAnalysis.a  /usr/lib/llvm-20/lib/libLLVMProfileData.a  /usr/lib/llvm-20/lib/libLLVMSymbolize.a  /usr/lib/llvm-20/lib/libLLVMDebugInfoPDB.a  /usr/lib/llvm-20/lib/libLLVMDebugInfoCodeView.a  /usr/lib/llvm-20/lib/libLLVMDebugInfoMSF.a  /usr/lib/llvm-20/lib/libLLVMDebugInfoBTF.a  /usr/lib/llvm-20/lib/libLLVMDebugInfoDWARF.a  /usr/lib/llvm-20/lib/libLLVMObject.a  /usr/lib/llvm-20/lib/libLLVMIRReader.a  /usr/lib/llvm-20/lib/libLLVMAsmParser.a  /usr/lib/llvm-20/lib/libLLVMBitReader.a  /usr/lib/llvm-20/lib/libLLVMCore.a  /usr/lib/llvm-20/lib/libLLVMRemarks.a  /usr/lib/llvm-20/lib/libLLVMBitstreamReader.a  /usr/lib/llvm-20/lib/libLLVMTextAPI.a  /usr/lib/llvm-20/lib/libLLVMX86AsmParser.a  /usr/lib/llvm-20/lib/libLLVMX86Desc.a  /usr/lib/llvm-20/lib/libLLVMCodeGenTypes.a  /usr/lib/llvm-20/lib/libLLVMMCParser.a  /usr/lib/llvm-20/lib/libLLVMX86Disassembler.a  /usr/lib/llvm-20/lib/libLLVMX86Info.a  /usr/lib/llvm-20/lib/libLLVMMCDisassembler.a  /usr/lib/llvm-20/lib/libLLVMMC.a  /usr/lib/llvm-20/lib/libLLVMBinaryFormat.a  /usr/lib/llvm-20/lib/libLLVMTargetParser.a  /usr/lib/llvm-20/lib/libLLVMSupport.a  /usr/lib/llvm-20/lib/libLLVMDemangle.a  -lrt  /usr/lib/x86_64-linux-gnu/libz.so  /usr/lib/x86_64-linux-gnu/libzstd.so  src/executable/mlir/libpython-mlir.a  src/executable/mlir/Target/PythonBytecode/libTargetPythonBytecode.a  src/libpython-cpp.a  src/executable/mlir/libpython-mlir.a  src/executable/mlir/Target/PythonBytecode/libTargetPythonBytecode.a  _deps/cpptrace-build/libcpptrace.a  _deps/libdwarf-build/src/lib/libdwarf/libdwarf.a  /usr/lib/x86_64-linux-gnu/libz.so  _deps/zstd-build/lib/libzstd.a  _deps/bdwgc-build/libgc.a  -ldl  -lm  /usr/lib/x86_64-linux-gnu/libicuuc.a  -ldl  /usr/lib/x86_64-linux-gnu/libicudata.a  src/executable/mlir/Conversion/libPythonConversionPasses.a  src/executable/mlir/Conversion/PythonToPythonBytecode/libPythonToPythonBytecode.a  src/executable/mlir/Dialect/Python/libPythonMLIRDialect.a  /usr/lib/x86_64-linux-gnu/libgmpxx.a  /usr/lib/x86_64-linux-gnu/libgmp.a  /usr/lib/llvm-20/lib/libMLIRSCFDialect.a  /usr/lib/llvm-20/lib/libMLIRControlFlowDialect.a  /usr/lib/llvm-20/lib/libMLIRTensorDialect.a  /usr/lib/llvm-20/lib/libMLIRAffineDialect.a  /usr/lib/llvm-20/lib/libMLIRMemRefDialect.a  /usr/lib/llvm-20/lib/libMLIRArithUtils.a  /usr/lib/llvm-20/lib/libMLIRDialectUtils.a  /usr/lib/llvm-20/lib/libMLIRComplexDialect.a  /usr/lib/llvm-20/lib/libMLIRArithDialect.a  /usr/lib/llvm-20/lib/libMLIRCastInterfaces.a  /usr/lib/llvm-20/lib/libMLIRInferIntRangeCommon.a  /usr/lib/llvm-20/lib/libMLIRDialect.a  /usr/lib/llvm-20/lib/libMLIRParallelCombiningOpInterface.a  /usr/lib/llvm-20/lib/libMLIRShapedOpInterfaces.a  _deps/spdlog-build/libspdlogd.a  src/executable/mlir/Dialect/EmitPythonBytecode/IR/libEmitPythonBytecodeDialect.a  /usr/lib/llvm-20/lib/libMLIRTargetLLVMIRExport.a  /usr/lib/llvm-20/lib/libMLIRDLTIDialect.a  /usr/lib/llvm-20/lib/libMLIRLLVMIRTransforms.a  /usr/lib/llvm-20/lib/libMLIRFuncDialect.a  /usr/lib/llvm-20/lib/libMLIRTransforms.a  /usr/lib/llvm-20/lib/libMLIRRuntimeVerifiableOpInterface.a  /usr/lib/llvm-20/lib/libMLIRTransformUtils.a  /usr/lib/llvm-20/lib/libMLIRSubsetOpInterface.a  /usr/lib/llvm-20/lib/libMLIRValueBoundsOpInterface.a  /usr/lib/llvm-20/lib/libMLIRDestinationStyleOpInterface.a  /usr/lib/llvm-20/lib/libMLIRRewrite.a  /usr/lib/llvm-20/lib/libMLIRRewritePDL.a  /usr/lib/llvm-20/lib/libMLIRPDLToPDLInterp.a  /usr/lib/llvm-20/lib/libMLIRPass.a  /usr/lib/llvm-20/lib/libMLIRAnalysis.a  /usr/lib/llvm-20/lib/libMLIRLoopLikeInterface.a  /usr/lib/llvm-20/lib/libMLIRViewLikeInterface.a  /usr/lib/llvm-20/lib/libMLIRPresburger.a  /usr/lib/llvm-20/lib/libMLIRPDLInterpDialect.a  /usr/lib/llvm-20/lib/libMLIRPDLDialect.a  /usr/lib/llvm-20/lib/libMLIRUBDialect.a  /usr/lib/llvm-20/lib/libMLIRNVVMDialect.a  /usr/lib/llvm-20/lib/libMLIRLLVMDialect.a  /usr/lib/llvm-20/lib/libMLIRCallInterfaces.a  /usr/lib/llvm-20/lib/libMLIRControlFlowInterfaces.a  /usr/lib/llvm-20/lib/libMLIRFunctionInterfaces.a  /usr/lib/llvm-20/lib/libMLIRInferTypeOpInterface.a  /usr/lib/llvm-20/lib/libMLIRSideEffectInterfaces.a  /usr/lib/llvm-20/lib/libMLIRMemorySlotInterfaces.a  /usr/lib/llvm-20/lib/libMLIRDataLayoutInterfaces.a  /usr/lib/llvm-20/lib/libMLIRInferIntRangeInterface.a  /usr/lib/llvm-20/lib/libMLIRTranslateLib.a  /usr/lib/llvm-20/lib/libMLIRParser.a  /usr/lib/llvm-20/lib/libMLIRBytecodeReader.a  /usr/lib/llvm-20/lib/libMLIRAsmParser.a  /usr/lib/llvm-20/lib/libMLIRIR.a  /usr/lib/llvm-20/lib/libMLIRSupport.a  /usr/lib/llvm-20/lib/libLLVM.so.1  lib/libgtest.a && cd /home/lux/code/language/python-cpp/build/debug/src && /home/lux/soft/cmake/bin/cmake -D TEST_TARGET=compiler_unit_tests -D TEST_EXECUTABLE=/home/lux/code/language/python-cpp/build/debug/src/compiler_unit_tests -D TEST_EXECUTOR= -D TEST_WORKING_DIR=/home/lux/code/language/python-cpp/build/debug/src -D TEST_EXTRA_ARGS= -D "TEST_PROPERTIES=LABELS;Unit" -D TEST_PREFIX= -D TEST_SUFFIX= -D TEST_FILTER= -D NO_PRETTY_TYPES=FALSE -D NO_PRETTY_VALUES=FALSE -D TEST_LIST=compiler_unit_tests_TESTS -D CTEST_FILE=/home/lux/code/language/python-cpp/build/debug/src/compiler_unit_tests[1]_tests.cmake -D TEST_DISCOVERY_TIMEOUT=5 -D TEST_DISCOVERY_EXTRA_ARGS= -D TEST_XML_OUTPUT_DIR= -P /home/lux/soft/cmake/share/cmake-4.2/Modules/GoogleTestAddTests.cmake
[build] free(): double free detected in tcache 2
[build] CMake Error at /home/lux/soft/cmake/share/cmake-4.2/Modules/GoogleTestAddTests.cmake:382 (message):
[build]   Error running test executable.
[build] 
[build]     Path: '/home/lux/code/language/python-cpp/build/debug/src/compiler_unit_tests'
[build]     Working directory: '/home/lux/code/language/python-cpp/build/debug/src'
[build]     Result: Subprocess aborted
[build]     Output:
[build]       Running main() from /home/lux/code/language/python-cpp/build/debug/.cache/CPM/googletest/1ace/googletest/src/gtest_main.cc
[build]       IREmitterTest.
[build]         GetNone
[build]         GetTrue
[build]         GetFalse
[build]         GetEllipsis
[build]         GetNotImplemented
[build]         CreateString
[build]         CreateStringCaching
[build]         CreateTupleEmpty
[build]         CreateTupleWithElements
[build]         CreateInteger
[build]         CreateIntegerNegative
[build]         CreateFloat
[build]         CreateListEmpty
[build]         CreateListWithElements
[build]         BinaryAdd
[build]         BinarySub
[build]         BinaryMul
[build]         BinaryTruediv
[build]         BinaryPow
[build]         BinaryBitwise
[build]         UnaryNeg
[build]         UnaryNot
[build]         UnaryInvert
[build]         IsTrue
[build]         CompareEq
[build]         CompareLt
[build]         CompareIs
[build]         CompareIn
[build]         GetIter
[build]         IterNext
[build]         Getitem
[build]         Setitem
[build]         ListAppend
[build]         Getattr
[build]         LoadGlobal
[build]         StoreGlobal
[build]         CallFunction
[build]         CallFunctionWithKwargs
[build]         LoadMethod
[build]         LoadAssertionError
[build]         Raise
[build]         PyObjectPtrType
[build]         Context
[build]         BinaryFloordiv
[build]         BinaryMod
[build]         BinaryShift
[build]         UnaryPos
[build]         CompareNe
[build]         CompareLe
[build]         CompareGt
[build]         CompareGe
[build]         CompareIsNot
[build]         CompareNotIn
[build]         Delitem
[build]         SetAdd
[build]         Setattr
[build]         Delattr
[build]         Import
[build]         CreateStringEmpty
[build]         CreateIntegerZero
[build]         CreateFloatZero
[build]         CreateTupleLarge
[build]         CallNonexistentFunction
[build]         StringCachingMultiple
[build]         ComplexExpression
[build]         ChainedComparison
[build]         CreateDictEmpty
[build]         CreateDictWithElements
[build]         CreateSetEmpty
[build]         CreateSetWithElements
[build]         CreateSlice
[build]         CreateSliceWithNone
[build]         ListExtend
[build]         DictMerge
[build]         DictUpdate
[build]         SetUpdate
[build]         CreateBytes
[build]         CreateBytesEmpty
[build]         CreateBytesWithNullByte
[build]         CreateComplex
[build]         CreateComplexZero
[build]         CreateComplexNegative
[build]         UnpackSequence
[build]         UnpackSequencePair
[build]         CreateCell
[build]         CreateCellEmpty
[build]         CellGet
[build]         CellSet
[build]         CellGetSetRoundtrip
[build]         CheckExceptionMatch
[build]         CheckExceptionMatchReturnType
[build]         Reraise
[build]         ReraiseWithNull
[build]         ComplexLiteralExpression
[build]         UnpackAndUseElements
[build]         ClosurePattern
[build]         ExceptionHandlingPattern
[build]         MakeFunction
[build]         MakeFunctionWithDefaults
[build]         MakeFunctionWithClosure
[build]         GetClosure
[build]         LoadBuildClass
[build]         ClassDefinitionPattern
[build]         ClassWithBasePattern
[build]         NestedClosurePattern
[build]       RuntimeLinkerTest.
[build]         LoadRuntimeBitcode
[build]         GetFunction_BinaryAdd
[build]         GetFunction_Singleton
[build]         ListByCategory
[build]         DeclareInUserModule
[build]         LinkRuntimeModule
[build]         LinkAndCallTupleGetitem
[build]         UnknownFunction
[build]         DeclareUnknownFunction
[build]         PyObjectPtrType
[build]         PrintRegistry
[build]         RuntimeFunctionParams
[build]         VerifyAllCategories
[build]         ConcurrentAccess
[build]         CacheBehavior
[build]       LLVMModuleLoaderTest.
[build]         LoadNonexistentFile
[build]         LoadInvalidBitcode
[build]         CacheHit
[build]         VerifyModule
[build]         VerifyInvalidModule
[build]       StringUtilsTest.
[build]         Split
[build]         SplitExact
[build]         Trim
[build]         StripPrefix
[build]         StripSuffix
[build]         Contains
[build]         Count
[build]         ParseInt
[build]         Join
[build]         ReplaceAll
[build]         AnnotationParsing
[build]       
[build] 
[build] Call Stack (most recent call first):
[build]   /home/lux/soft/cmake/share/cmake-4.2/Modules/GoogleTestAddTests.cmake:421 (gtest_discover_tests_impl)
[build] 
[build] 
