[ RUN      ] KeyVersionTracker.MultiThreadBump
AddressSanitizer:DEADLYSIGNAL
=================================================================
==99953==ERROR: AddressSanitizer: SEGV on unknown address 0x000000000030 (pc 0x5dece980f18e bp 0x7197537fe570 sp 0x7197537fe550 T2)
==99953==The signal is caused by a READ memory access.
==99953==Hint: address points to the zero page.
    #0 0x5dece980f18e in std::__detail::_Hashtable_base<std::__cxx11::basic_string<char, std::char_traits<char>, std::allocator<char>>, std::pair<std::__cxx11::basic_string<char, std::char_traits<char>, std::allocator<char>> const, std::atomic<unsigned long>>, std::__detail::_Select1st, std::equal_to<std::__cxx11::basic_string<char, std::char_traits<char>, std::allocator<char>>>, std::hash<std::__cxx11::basic_string<char, std::char_traits<char>, std::allocator<char>>>, std::__detail::_Mod_range_hashing, std::__detail::_Default_ranged_hash, std::__detail::_Hashtable_traits<true, false, true>>::_S_equals(unsigned long, std::__detail::_Hash_node_code_cache<true> const&) /usr/lib/gcc/x86_64-linux-gnu/13/../../../../include/c++/13/bits/hashtable_policy.h:1693:20
    #1 0x5dece980f0c0 in std::__detail::_Hashtable_base<std::__cxx11::basic_string<char, std::char_traits<char>, std::allocator<char>>, std::pair<std::__cxx11::basic_string<char, std::char_traits<char>, std::allocator<char>> const, std::atomic<unsigned long>>, std::__detail::_Select1st, std::equal_to<std::__cxx11::basic_string<char, std::char_traits<char>, std::allocator<char>>>, std::hash<std::__cxx11::basic_string<char, std::char_traits<char>, std::allocator<char>>>, std::__detail::_Mod_range_hashing, std::__detail::_Default_ranged_hash, std::__detail::_Hashtable_traits<true, false, true>>::_M_equals(std::__cxx11::basic_string<char, std::char_traits<char>, std::allocator<char>> const&, unsigned long, std::__detail::_Hash_node_value<std::pair<std::__cxx11::basic_string<char, std::char_traits<char>, std::allocator<char>> const, std::atomic<unsigned long>>, true> const&) const /usr/lib/gcc/x86_64-linux-gnu/13/../../../../include/c++/13/bits/hashtable_policy.h:1734:16
    #2 0x5dece980efe9 in std::_Hashtable<std::__cxx11::basic_string<char, std::char_traits<char>, std::allocator<char>>, std::pair<std::__cxx11::basic_string<char, std::char_traits<char>, std::allocator<char>> const, std::atomic<unsigned long>>, std::allocator<std::pair<std::__cxx11::basic_string<char, std::char_traits<char>, std::allocator<char>> const, std::atomic<unsigned long>>>, std::__detail::_Select1st, std::equal_to<std::__cxx11::basic_string<char, std::char_traits<char>, std::allocator<char>>>, std::hash<std::__cxx11::basic_string<char, std::char_traits<char>, std::allocator<char>>>, std::__detail::_Mod_range_hashing, std::__detail::_Default_ranged_hash, std::__detail::_Prime_rehash_policy, std::__detail::_Hashtable_traits<true, false, true>>::_M_find_before_node(unsigned long, std::__cxx11::basic_string<char, std::char_traits<char>, std::allocator<char>> const&, unsigned long) const /usr/lib/gcc/x86_64-linux-gnu/13/../../../../include/c++/13/bits/hashtable.h:1961:14
    #3 0x5dece980ebdc in std::_Hashtable<std::__cxx11::basic_string<char, std::char_traits<char>, std::allocator<char>>, std::pair<std::__cxx11::basic_string<char, std::char_traits<char>, std::allocator<char>> const, std::atomic<unsigned long>>, std::allocator<std::pair<std::__cxx11::basic_string<char, std::char_traits<char>, std::allocator<char>> const, std::atomic<unsigned long>>>, std::__detail::_Select1st, std::equal_to<std::__cxx11::basic_string<char, std::char_traits<char>, std::allocator<char>>>, std::hash<std::__cxx11::basic_string<char, std::char_traits<char>, std::allocator<char>>>, std::__detail::_Mod_range_hashing, std::__detail::_Default_ranged_hash, std::__detail::_Prime_rehash_policy, std::__detail::_Hashtable_traits<true, false, true>>::_M_find_node(unsigned long, std::__cxx11::basic_string<char, std::char_traits<char>, std::allocator<char>> const&, unsigned long) const /usr/lib/gcc/x86_64-linux-gnu/13/../../../../include/c++/13/bits/hashtable.h:815:31
    #4 0x5dece980ff72 in std::pair<std::__detail::_Node_iterator<std::pair<std::__cxx11::basic_string<char, std::char_traits<char>, std::allocator<char>> const, std::atomic<unsigned long>>, false, true>, bool> std::__detail::_Insert_base<std::__cxx11::basic_string<char, std::char_traits<char>, std::allocator<char>>, std::pair<std::__cxx11::basic_string<char, std::char_traits<char>, std::allocator<char>> const, std::atomic<unsigned long>>, std::allocator<std::pair<std::__cxx11::basic_string<char, std::char_traits<char>, std::allocator<char>> const, std::atomic<unsigned long>>>, std::__detail::_Select1st, std::equal_to<std::__cxx11::basic_string<char, std::char_traits<char>, std::allocator<char>>>, std::hash<std::__cxx11::basic_string<char, std::char_traits<char>, std::allocator<char>>>, std::__detail::_Mod_range_hashing, std::__detail::_Default_ranged_hash, std::__detail::_Prime_rehash_policy, std::__detail::_Hashtable_traits<true, false, true>>::try_emplace<std::__cxx11::basic_string<char, std::char_traits<char>, std::allocator<char>> const&, int>(std::__detail::_Node_const_iterator<std::pair<std::__cxx11::basic_string<char, std::char_traits<char>, std::allocator<char>> const, std::atomic<unsigned long>>, false, true>, std::__cxx11::basic_string<char, std::char_traits<char>, std::allocator<char>> const&, int&&) /usr/lib/gcc/x86_64-linux-gnu/13/../../../../include/c++/13/bits/hashtable_policy.h:951:26
    #5 0x5dece980fca9 in std::pair<std::__detail::_Node_iterator<std::pair<std::__cxx11::basic_string<char, std::char_traits<char>, std::allocator<char>> const, std::atomic<unsigned long>>, false, true>, bool> std::unordered_map<std::__cxx11::basic_string<char, std::char_traits<char>, std::allocator<char>>, std::atomic<unsigned long>, std::hash<std::__cxx11::basic_string<char, std::char_traits<char>, std::allocator<char>>>, std::equal_to<std::__cxx11::basic_string<char, std::char_traits<char>, std::allocator<char>>>, std::allocator<std::pair<std::__cxx11::basic_string<char, std::char_traits<char>, std::allocator<char>> const, std::atomic<unsigned long>>>>::try_emplace<int>(std::__cxx11::basic_string<char, std::char_traits<char>, std::allocator<char>> const&, int&&) /usr/lib/gcc/x86_64-linux-gnu/13/../../../../include/c++/13/bits/unordered_map.h:480:16
    #6 0x5dece980d22c in py::KeyVersionTracker::bump(std::__cxx11::basic_string<char, std::char_traits<char>, std::allocator<char>> const&) /home/lux/code/language/python-cpp/src/./runtime/KeyVersionTracker.hpp:31:42
    #7 0x5dece98095ac in KeyVersionTracker_MultiThreadBump_Test::TestBody()::$_0::operator()() const /home/lux/code/language/python-cpp/src/runtime/tests/KeyVersionTracker_tests.cpp:104:51
    #8 0x5dece9809444 in void std::__invoke_impl<void, KeyVersionTracker_MultiThreadBump_Test::TestBody()::$_0>(std::__invoke_other, KeyVersionTracker_MultiThreadBump_Test::TestBody()::$_0&&) /usr/lib/gcc/x86_64-linux-gnu/13/../../../../include/c++/13/bits/invoke.h:61:14
    #9 0x5dece9809404 in std::__invoke_result<KeyVersionTracker_MultiThreadBump_Test::TestBody()::$_0>::type std::__invoke<KeyVersionTracker_MultiThreadBump_Test::TestBody()::$_0>(KeyVersionTracker_MultiThreadBump_Test::TestBody()::$_0&&) /usr/lib/gcc/x86_64-linux-gnu/13/../../../../include/c++/13/bits/invoke.h:96:14
    #10 0x5dece98093dc in void std::thread::_Invoker<std::tuple<KeyVersionTracker_MultiThreadBump_Test::TestBody()::$_0>>::_M_invoke<0ul>(std::_Index_tuple<0ul>) /usr/lib/gcc/x86_64-linux-gnu/13/../../../../include/c++/13/bits/std_thread.h:292:13
    #11 0x5dece98093b4 in std::thread::_Invoker<std::tuple<KeyVersionTracker_MultiThreadBump_Test::TestBody()::$_0>>::operator()() /usr/lib/gcc/x86_64-linux-gnu/13/../../../../include/c++/13/bits/std_thread.h:299:11
    #12 0x5dece98092f8 in std::thread::_State_impl<std::thread::_Invoker<std::tuple<KeyVersionTracker_MultiThreadBump_Test::TestBody()::$_0>>>::_M_run() /usr/lib/gcc/x86_64-linux-gnu/13/../../../../include/c++/13/bits/std_thread.h:244:13
    #13 0x759758cecdb3  (/lib/x86_64-linux-gnu/libstdc++.so.6+0xecdb3) (BuildId: ca77dae775ec87540acd7218fa990c40d1c94ab1)
    #14 0x5dece953e6da in asan_thread_start(void*) build-llvm/tools/clang/stage2-bins/runtimes/runtimes-bins/compiler-rt/lib/asan/asan_interceptors.cpp:239:28
    #15 0x75975889caa3  (/lib/x86_64-linux-gnu/libc.so.6+0x9caa3) (BuildId: 8e9fd827446c24067541ac5390e6f527fb5947bb)
    #16 0x759758929c6b  (/lib/x86_64-linux-gnu/libc.so.6+0x129c6b) (BuildId: 8e9fd827446c24067541ac5390e6f527fb5947bb)

==99953==Register values:
rax = 0xa241fdbf27a6129c  rbx = 0x00007197537fe680  rcx = 0x0000000000000030  rdx = 0xa241fdbf27a6129c  
rdi = 0xa241fdbf27a6129c  rsi = 0x0000000000000030  rbp = 0x00007197537fe570  rsp = 0x00007197537fe550  
 r8 = 0x0000000000000000   r9 = 0x00007fffffffff01  r10 = 0x0000000000000f01  r11 = 0x0000000000000000  
r12 = 0x000071b755b445f0  r13 = 0x00007197537feb20  r14 = 0x0000759758360000  r15 = 0x0000759758cecda0  
AddressSanitizer can not provide additional info.
SUMMARY: AddressSanitizer: SEGV /home/lux/code/language/python-cpp/src/./runtime/KeyVersionTracker.hpp:31:42 in py::KeyVersionTracker::bump(std::__cxx11::basic_string<char, std::char_traits<char>, std::allocator<char>> const&)
Thread T2 created by T0 here:
    #0 0x5dece9524ed5 in pthread_create build-llvm/tools/clang/stage2-bins/runtimes/runtimes-bins/compiler-rt/lib/asan/asan_interceptors.cpp:250:3
    #1 0x759758ceceb0 in std::thread::_M_start_thread(std::unique_ptr<std::thread::_State, std::default_delete<std::thread::_State>>, void (*)()) (/lib/x86_64-linux-gnu/libstdc++.so.6+0xeceb0) (BuildId: ca77dae775ec87540acd7218fa990c40d1c94ab1)
    #2 0x5dece980910b in std::thread::thread<KeyVersionTracker_MultiThreadBump_Test::TestBody()::$_0, void>(KeyVersionTracker_MultiThreadBump_Test::TestBody()::$_0&&) /usr/lib/gcc/x86_64-linux-gnu/13/../../../../include/c++/13/bits/std_thread.h:164:2
    #3 0x5dece9808ff0 in decltype(::new((void*)(0)) std::thread(std::declval<KeyVersionTracker_MultiThreadBump_Test::TestBody()::$_0>())) std::construct_at<std::thread, KeyVersionTracker_MultiThreadBump_Test::TestBody()::$_0>(std::thread*, KeyVersionTracker_MultiThreadBump_Test::TestBody()::$_0&&) /usr/lib/gcc/x86_64-linux-gnu/13/../../../../include/c++/13/bits/stl_construct.h:97:39
    #4 0x5dece9808ba3 in void std::allocator_traits<std::allocator<std::thread>>::construct<std::thread, KeyVersionTracker_MultiThreadBump_Test::TestBody()::$_0>(std::allocator<std::thread>&, std::thread*, KeyVersionTracker_MultiThreadBump_Test::TestBody()::$_0&&) /usr/lib/gcc/x86_64-linux-gnu/13/../../../../include/c++/13/bits/alloc_traits.h:540:4
    #5 0x5dece9808ba3 in void std::vector<std::thread, std::allocator<std::thread>>::_M_realloc_insert<KeyVersionTracker_MultiThreadBump_Test::TestBody()::$_0>(__gnu_cxx::__normal_iterator<std::thread*, std::vector<std::thread, std::allocator<std::thread>>>, KeyVersionTracker_MultiThreadBump_Test::TestBody()::$_0&&) /usr/lib/gcc/x86_64-linux-gnu/13/../../../../include/c++/13/bits/vector.tcc:468:4
    #6 0x5dece9807aa9 in std::thread& std::vector<std::thread, std::allocator<std::thread>>::emplace_back<KeyVersionTracker_MultiThreadBump_Test::TestBody()::$_0>(KeyVersionTracker_MultiThreadBump_Test::TestBody()::$_0&&) /usr/lib/gcc/x86_64-linux-gnu/13/../../../../include/c++/13/bits/vector.tcc:123:4
    #7 0x5dece98074a3 in KeyVersionTracker_MultiThreadBump_Test::TestBody() /home/lux/code/language/python-cpp/src/runtime/tests/KeyVersionTracker_tests.cpp:103:11
    #8 0x5deceac583e3 in void testing::internal::HandleSehExceptionsInMethodIfSupported<testing::Test, void>(testing::Test*, void (testing::Test::*)(), char const*) /home/lux/code/language/python-cpp/build/debug/.cache/CPM/googletest/1ace/googletest/src/gtest.cc:2664:10
    #9 0x5deceac3dc95 in void testing::internal::HandleExceptionsInMethodIfSupported<testing::Test, void>(testing::Test*, void (testing::Test::*)(), char const*) /home/lux/code/language/python-cpp/build/debug/.cache/CPM/googletest/1ace/googletest/src/gtest.cc:2700:14
    #10 0x5deceac1dae6 in testing::Test::Run() /home/lux/code/language/python-cpp/build/debug/.cache/CPM/googletest/1ace/googletest/src/gtest.cc:2739:5
    #11 0x5deceac1e53e in testing::TestInfo::Run() /home/lux/code/language/python-cpp/build/debug/.cache/CPM/googletest/1ace/googletest/src/gtest.cc:2885:11
    #12 0x5deceac1ed59 in testing::TestSuite::Run() /home/lux/code/language/python-cpp/build/debug/.cache/CPM/googletest/1ace/googletest/src/gtest.cc:3063:30
    #13 0x5deceac2fdac in testing::internal::UnitTestImpl::RunAllTests() /home/lux/code/language/python-cpp/build/debug/.cache/CPM/googletest/1ace/googletest/src/gtest.cc:6054:44
    #14 0x5deceac59d73 in bool testing::internal::HandleSehExceptionsInMethodIfSupported<testing::internal::UnitTestImpl, bool>(testing::internal::UnitTestImpl*, bool (testing::internal::UnitTestImpl::*)(), char const*) /home/lux/code/language/python-cpp/build/debug/.cache/CPM/googletest/1ace/googletest/src/gtest.cc:2664:10
    #15 0x5deceac3fe45 in bool testing::internal::HandleExceptionsInMethodIfSupported<testing::internal::UnitTestImpl, bool>(testing::internal::UnitTestImpl*, bool (testing::internal::UnitTestImpl::*)(), char const*) /home/lux/code/language/python-cpp/build/debug/.cache/CPM/googletest/1ace/googletest/src/gtest.cc:2700:14
    #16 0x5deceac2f6a2 in testing::UnitTest::Run() /home/lux/code/language/python-cpp/build/debug/.cache/CPM/googletest/1ace/googletest/src/gtest.cc:5594:10
    #17 0x5dece98c77d0 in RUN_ALL_TESTS() /home/lux/code/language/python-cpp/build/debug/.cache/CPM/googletest/1ace/googletest/include/gtest/gtest.h:2334:73
    #18 0x5dece98c37a9 in main /home/lux/code/language/python-cpp/src/testing/main.cpp:66:12
    #19 0x75975882a1c9  (/lib/x86_64-linux-gnu/libc.so.6+0x2a1c9) (BuildId: 8e9fd827446c24067541ac5390e6f527fb5947bb)
    #20 0x75975882a28a in __libc_start_main (/lib/x86_64-linux-gnu/libc.so.6+0x2a28a) (BuildId: 8e9fd827446c24067541ac5390e6f527fb5947bb)
    #21 0x5dece949d2a4 in _start (/home/lux/code/language/python-cpp/build/debug/src/unittests_+0x2a742a4) (BuildId: 7e4bd7b6d2527d978033c353dd7426f87297ca84)

==99953==ABORTING