Running verify()...
Sieve initialized with limit: 100
Starting sieve calculation...
Sieve loops finished, omitting squares...
Searching for prefix: 2
Total primes found: 25
Base primes check for 100: True True True
Generating trie for primes, list size: 25
Trie generation complete.
Navigating to prefix node...
Link check for char: 2
Prefix node found. Terminal state of prefix node: 1
Starting queue traversal. Initial queue size: 1
Queue pop: 2 Terminal: 1
Found children chars at 2 : ['3', '9']
Pushing to queue: 23
Pushing to queue: 29
Queue pop: 23 Terminal: 1
Queue pop: 29 Terminal: 1
Find completed. Results count: 3 Values: [2, 23, 29]
Verify results match: True
Expected: [2, 23, 29]
Actual: [2, 23, 29]
Starting main calculation (UPPER_BOUND = 5000000 )
Sieve initialized with limit: 5000000
Starting sieve calculation...
[2026-03-21 20:33:46.571] [error] [DEBUG_ALLOC] Type: PyInteger            | Total:      20000
[2026-03-21 20:33:46.586] [error] [DEBUG_ALLOC] Type: PyInteger            | Total:      40000
[2026-03-21 20:33:46.602] [error] [DEBUG_ALLOC] Type: PyInteger            | Total:      60000
[2026-03-21 20:33:46.618] [error] [DEBUG_ALLOC] Type: PyInteger            | Total:      80000
[2026-03-21 20:33:46.842] [error] [DEBUG_ALLOC_TRACE] Type: PyInteger            | Total:     100000
Stack trace (most recent call first):
#0  0x000055e8ab458618 in _pylang_debug_log_alloc(char const*, std::atomic<unsigned long>&) at /home/lux/code/language/python-cpp/src/runtime/export/../../runtime/compat.hpp:34:22
#1  (inlined)          in py::PyInteger::create(__gmp_expr<__mpz_struct [1], __mpz_struct [1]>)::$_0::operator()() const at /home/lux/code/language/python-cpp/src/runtime/export/../../runtime/PyInteger.cpp:55:17
#2  0x000055e8ab2168eb in py::PyInteger::create(__gmp_expr<__mpz_struct [1], __mpz_struct [1]>) at /home/lux/code/language/python-cpp/src/runtime/export/../../runtime/PyInteger.cpp:55:17
#3  0x000055e8ab21687f in py::PyInteger::create(long) at /home/lux/code/language/python-cpp/src/runtime/export/../../runtime/PyInteger.cpp:50:9
#4  0x000055e8ab0f4bf7 in py::RtValue::box() const at /home/lux/code/language/python-cpp/src/runtime/export/../../runtime/taggered_pointer/RtValue.cpp:31:17
#5  0x000055e8ab0e82ca in rt_getattr(py::PyObject*, char const*) at /home/lux/code/language/python-cpp/src/runtime/export/rt_attr.cpp:103:56
#6  0x000055e8ab0e65f4 in test.<module>.0:0.Sieve.8:0.loop_y.48:4 at /tmp/test
#7  0x000055e8ab20e132 in py::PyNativeFunction::call_raw(std::span<std::variant<py::Number, py::String, py::Bytes, py::Ellipsis, py::NameConstant, py::Tuple, py::PyObject*>, 18446744073709551615ul>, py::PyDict*) at /home/lux/code/language/python-cpp/src/runtime/export/../../runtime/PyFunction.cpp:304:15
#8  0x000055e8ab0ee23e in rt_call_method_raw_ptrs(py::PyObject*, char const*, py::PyObject**, int, py::PyObject*) at /home/lux/code/language/python-cpp/src/runtime/export/rt_func.cpp:299:24
#9  0x000055e8ab0e682f in test.<module>.0:0.Sieve.8:0.loop_x.56:4 at /tmp/test
#10 0x000055e8ab20e132 in py::PyNativeFunction::call_raw(std::span<std::variant<py::Number, py::String, py::Bytes, py::Ellipsis, py::NameConstant, py::Tuple, py::PyObject*>, 18446744073709551615ul>, py::PyDict*) at /home/lux/code/language/python-cpp/src/runtime/export/../../runtime/PyFunction.cpp:304:15
#11 0x000055e8ab0ee23e in rt_call_method_raw_ptrs(py::PyObject*, char const*, py::PyObject**, int, py::PyObject*) at /home/lux/code/language/python-cpp/src/runtime/export/rt_func.cpp:299:24
#12 0x000055e8ab0e68e7 in test.<module>.0:0.Sieve.8:0.calc.64:4 at /tmp/test
#13 0x000055e8ab20e132 in py::PyNativeFunction::call_raw(std::span<std::variant<py::Number, py::String, py::Bytes, py::Ellipsis, py::NameConstant, py::Tuple, py::PyObject*>, 18446744073709551615ul>, py::PyDict*) at /home/lux/code/language/python-cpp/src/runtime/export/../../runtime/PyFunction.cpp:304:15
#14 0x000055e8ab0ee23e in rt_call_method_raw_ptrs(py::PyObject*, char const*, py::PyObject**, int, py::PyObject*) at /home/lux/code/language/python-cpp/src/runtime/export/rt_func.cpp:299:24
#15 0x000055e8ab0e6df0 in test.<module>.0:0.find.86:0 at /tmp/test
#16 0x000055e8ab20e132 in py::PyNativeFunction::call_raw(std::span<std::variant<py::Number, py::String, py::Bytes, py::Ellipsis, py::NameConstant, py::Tuple, py::PyObject*>, 18446744073709551615ul>, py::PyDict*) at /home/lux/code/language/python-cpp/src/runtime/export/../../runtime/PyFunction.cpp:304:15
#17 0x000055e8ab0edb2f in rt_call_raw_ptrs(py::PyObject*, py::PyObject**, int, py::PyObject*) at /home/lux/code/language/python-cpp/src/runtime/export/rt_func.cpp:236:29
#18 0x000055e8ab0e56ee in PyInit_test at /tmp/test
#19 0x000055e8ab0e7c6a in main at /tmp/test
#20 0x00007ff86f82a1c9 in __libc_start_call_main at ./csu/../sysdeps/nptl/libc_start_call_main.h:58:16
#21 0x00007ff86f82a28a in __libc_start_main_impl at ./csu/../csu/libc-start.c:360:3
#22 0x000055e8ab0e5364 in _start at /tmp/test
[2026-03-21 20:33:46.858] [error] [DEBUG_ALLOC] Type: PyInteger            | Total:     120000
[2026-03-21 20:33:46.874] [error] [DEBUG_ALLOC] Type: PyInteger            | Total:     140000
[2026-03-21 20:33:46.890] [error] [DEBUG_ALLOC] Type: PyInteger            | Total:     160000
[2026-03-21 20:33:46.905] [error] [DEBUG_ALLOC] Type: PyInteger            | Total:     180000
[2026-03-21 20:33:46.925] [error] [DEBUG_ALLOC_TRACE] Type: PyInteger            | Total:     200000
Stack trace (most recent call first):
#0  0x000055e8ab458618 in _pylang_debug_log_alloc(char const*, std::atomic<unsigned long>&) at /home/lux/code/language/python-cpp/src/runtime/export/../../runtime/compat.hpp:34:22
#1  (inlined)          in py::PyInteger::create(__gmp_expr<__mpz_struct [1], __mpz_struct [1]>)::$_0::operator()() const at /home/lux/code/language/python-cpp/src/runtime/export/../../runtime/PyInteger.cpp:55:17
#2  0x000055e8ab2168eb in py::PyInteger::create(__gmp_expr<__mpz_struct [1], __mpz_struct [1]>) at /home/lux/code/language/python-cpp/src/runtime/export/../../runtime/PyInteger.cpp:55:17
#3  0x000055e8ab21687f in py::PyInteger::create(long) at /home/lux/code/language/python-cpp/src/runtime/export/../../runtime/PyInteger.cpp:50:9
#4  0x000055e8ab0f4bf7 in py::RtValue::box() const at /home/lux/code/language/python-cpp/src/runtime/export/../../runtime/taggered_pointer/RtValue.cpp:31:17
#5  0x000055e8ab0e82ca in rt_getattr(py::PyObject*, char const*) at /home/lux/code/language/python-cpp/src/runtime/export/rt_attr.cpp:103:56
#6  0x000055e8ab0e60b4 in test.<module>.0:0.Sieve.8:0.step1.33:4 at /tmp/test
#7  0x000055e8ab20e132 in py::PyNativeFunction::call_raw(std::span<std::variant<py::Number, py::String, py::Bytes, py::Ellipsis, py::NameConstant, py::Tuple, py::PyObject*>, 18446744073709551615ul>, py::PyDict*) at /home/lux/code/language/python-cpp/src/runtime/export/../../runtime/PyFunction.cpp:304:15
#8  0x000055e8ab0ee23e in rt_call_method_raw_ptrs(py::PyObject*, char const*, py::PyObject**, int, py::PyObject*) at /home/lux/code/language/python-cpp/src/runtime/export/rt_func.cpp:299:24
#9  0x000055e8ab0e6646 in test.<module>.0:0.Sieve.8:0.loop_y.48:4 at /tmp/test
#10 0x000055e8ab20e132 in py::PyNativeFunction::call_raw(std::span<std::variant<py::Number, py::String, py::Bytes, py::Ellipsis, py::NameConstant, py::Tuple, py::PyObject*>, 18446744073709551615ul>, py::PyDict*) at /home/lux/code/language/python-cpp/src/runtime/export/../../runtime/PyFunction.cpp:304:15
#11 0x000055e8ab0ee23e in rt_call_method_raw_ptrs(py::PyObject*, char const*, py::PyObject**, int, py::PyObject*) at /home/lux/code/language/python-cpp/src/runtime/export/rt_func.cpp:299:24
#12 0x000055e8ab0e682f in test.<module>.0:0.Sieve.8:0.loop_x.56:4 at /tmp/test
#13 0x000055e8ab20e132 in py::PyNativeFunction::call_raw(std::span<std::variant<py::Number, py::String, py::Bytes, py::Ellipsis, py::NameConstant, py::Tuple, py::PyObject*>, 18446744073709551615ul>, py::PyDict*) at /home/lux/code/language/python-cpp/src/runtime/export/../../runtime/PyFunction.cpp:304:15
#14 0x000055e8ab0ee23e in rt_call_method_raw_ptrs(py::PyObject*, char const*, py::PyObject**, int, py::PyObject*) at /home/lux/code/language/python-cpp/src/runtime/export/rt_func.cpp:299:24
#15 0x000055e8ab0e68e7 in test.<module>.0:0.Sieve.8:0.calc.64:4 at /tmp/test
#16 0x000055e8ab20e132 in py::PyNativeFunction::call_raw(std::span<std::variant<py::Number, py::String, py::Bytes, py::Ellipsis, py::NameConstant, py::Tuple, py::PyObject*>, 18446744073709551615ul>, py::PyDict*) at /home/lux/code/language/python-cpp/src/runtime/export/../../runtime/PyFunction.cpp:304:15
#17 0x000055e8ab0ee23e in rt_call_method_raw_ptrs(py::PyObject*, char const*, py::PyObject**, int, py::PyObject*) at /home/lux/code/language/python-cpp/src/runtime/export/rt_func.cpp:299:24
#18 0x000055e8ab0e6df0 in test.<module>.0:0.find.86:0 at /tmp/test
#19 0x000055e8ab20e132 in py::PyNativeFunction::call_raw(std::span<std::variant<py::Number, py::String, py::Bytes, py::Ellipsis, py::NameConstant, py::Tuple, py::PyObject*>, 18446744073709551615ul>, py::PyDict*) at /home/lux/code/language/python-cpp/src/runtime/export/../../runtime/PyFunction.cpp:304:15
#20 0x000055e8ab0edb2f in rt_call_raw_ptrs(py::PyObject*, py::PyObject**, int, py::PyObject*) at /home/lux/code/language/python-cpp/src/runtime/export/rt_func.cpp:236:29
#21 0x000055e8ab0e56ee in PyInit_test at /tmp/test
#22 0x000055e8ab0e7c6a in main at /tmp/test
#23 0x00007ff86f82a1c9 in __libc_start_call_main at ./csu/../sysdeps/nptl/libc_start_call_main.h:58:16
#24 0x00007ff86f82a28a in __libc_start_main_impl at ./csu/../csu/libc-start.c:360:3
#25 0x000055e8ab0e5364 in _start at /tmp/test
[2026-03-21 20:33:46.943] [error] [DEBUG_ALLOC] Type: PyInteger            | Total:     220000
[2026-03-21 20:33:46.960] [error] [DEBUG_ALLOC] Type: PyInteger            | Total:     240000
[2026-03-21 20:33:46.975] [error] [DEBUG_ALLOC] Type: PyInteger            | Total:     260000
[2026-03-21 20:33:46.992] [error] [DEBUG_ALLOC] Type: PyInteger            | Total:     280000
[2026-03-21 20:33:47.011] [error] [DEBUG_ALLOC_TRACE] Type: PyInteger            | Total:     300000
Stack trace (most recent call first):
#0  0x000055e8ab458618 in _pylang_debug_log_alloc(char const*, std::atomic<unsigned long>&) at /home/lux/code/language/python-cpp/src/runtime/export/../../runtime/compat.hpp:34:22
#1  (inlined)          in py::PyInteger::create(__gmp_expr<__mpz_struct [1], __mpz_struct [1]>)::$_0::operator()() const at /home/lux/code/language/python-cpp/src/runtime/export/../../runtime/PyInteger.cpp:55:17
#2  0x000055e8ab2168eb in py::PyInteger::create(__gmp_expr<__mpz_struct [1], __mpz_struct [1]>) at /home/lux/code/language/python-cpp/src/runtime/export/../../runtime/PyInteger.cpp:55:17
#3  0x000055e8ab21687f in py::PyInteger::create(long) at /home/lux/code/language/python-cpp/src/runtime/export/../../runtime/PyInteger.cpp:50:9
#4  0x000055e8ab0f4bf7 in py::RtValue::box() const at /home/lux/code/language/python-cpp/src/runtime/export/../../runtime/taggered_pointer/RtValue.cpp:31:17
#5  0x000055e8ab0e82ca in rt_getattr(py::PyObject*, char const*) at /home/lux/code/language/python-cpp/src/runtime/export/rt_attr.cpp:103:56
#6  0x000055e8ab0e62bb in test.<module>.0:0.Sieve.8:0.step2.38:4 at /tmp/test
#7  0x000055e8ab20e132 in py::PyNativeFunction::call_raw(std::span<std::variant<py::Number, py::String, py::Bytes, py::Ellipsis, py::NameConstant, py::Tuple, py::PyObject*>, 18446744073709551615ul>, py::PyDict*) at /home/lux/code/language/python-cpp/src/runtime/export/../../runtime/PyFunction.cpp:304:15
#8  0x000055e8ab0ee23e in rt_call_method_raw_ptrs(py::PyObject*, char const*, py::PyObject**, int, py::PyObject*) at /home/lux/code/language/python-cpp/src/runtime/export/rt_func.cpp:299:24
#9  0x000055e8ab0e667a in test.<module>.0:0.Sieve.8:0.loop_y.48:4 at /tmp/test
#10 0x000055e8ab20e132 in py::PyNativeFunction::call_raw(std::span<std::variant<py::Number, py::String, py::Bytes, py::Ellipsis, py::NameConstant, py::Tuple, py::PyObject*>, 18446744073709551615ul>, py::PyDict*) at /home/lux/code/language/python-cpp/src/runtime/export/../../runtime/PyFunction.cpp:304:15
#11 0x000055e8ab0ee23e in rt_call_method_raw_ptrs(py::PyObject*, char const*, py::PyObject**, int, py::PyObject*) at /home/lux/code/language/python-cpp/src/runtime/export/rt_func.cpp:299:24
#12 0x000055e8ab0e682f in test.<module>.0:0.Sieve.8:0.loop_x.56:4 at /tmp/test
#13 0x000055e8ab20e132 in py::PyNativeFunction::call_raw(std::span<std::variant<py::Number, py::String, py::Bytes, py::Ellipsis, py::NameConstant, py::Tuple, py::PyObject*>, 18446744073709551615ul>, py::PyDict*) at /home/lux/code/language/python-cpp/src/runtime/export/../../runtime/PyFunction.cpp:304:15
#14 0x000055e8ab0ee23e in rt_call_method_raw_ptrs(py::PyObject*, char const*, py::PyObject**, int, py::PyObject*) at /home/lux/code/language/python-cpp/src/runtime/export/rt_func.cpp:299:24
#15 0x000055e8ab0e68e7 in test.<module>.0:0.Sieve.8:0.calc.64:4 at /tmp/test
#16 0x000055e8ab20e132 in py::PyNativeFunction::call_raw(std::span<std::variant<py::Number, py::String, py::Bytes, py::Ellipsis, py::NameConstant, py::Tuple, py::PyObject*>, 18446744073709551615ul>, py::PyDict*) at /home/lux/code/language/python-cpp/src/runtime/export/../../runtime/PyFunction.cpp:304:15
#17 0x000055e8ab0ee23e in rt_call_method_raw_ptrs(py::PyObject*, char const*, py::PyObject**, int, py::PyObject*) at /home/lux/code/language/python-cpp/src/runtime/export/rt_func.cpp:299:24
#18 0x000055e8ab0e6df0 in test.<module>.0:0.find.86:0 at /tmp/test
#19 0x000055e8ab20e132 in py::PyNativeFunction::call_raw(std::span<std::variant<py::Number, py::String, py::Bytes, py::Ellipsis, py::NameConstant, py::Tuple, py::PyObject*>, 18446744073709551615ul>, py::PyDict*) at /home/lux/code/language/python-cpp/src/runtime/export/../../runtime/PyFunction.cpp:304:15
#20 0x000055e8ab0edb2f in rt_call_raw_ptrs(py::PyObject*, py::PyObject**, int, py::PyObject*) at /home/lux/code/language/python-cpp/src/runtime/export/rt_func.cpp:236:29
#21 0x000055e8ab0e56ee in PyInit_test at /tmp/test
#22 0x000055e8ab0e7c6a in main at /tmp/test
#23 0x00007ff86f82a1c9 in __libc_start_call_main at ./csu/../sysdeps/nptl/libc_start_call_main.h:58:16
#24 0x00007ff86f82a28a in __libc_start_main_impl at ./csu/../csu/libc-start.c:360:3
#25 0x000055e8ab0e5364 in _start at /tmp/test
[2026-03-21 20:33:47.027] [error] [DEBUG_ALLOC] Type: PyInteger            | Total:     320000
[2026-03-21 20:33:47.043] [error] [DEBUG_ALLOC] Type: PyInteger            | Total:     340000
[2026-03-21 20:33:47.059] [error] [DEBUG_ALLOC] Type: PyInteger            | Total:     360000
[2026-03-21 20:33:47.074] [error] [DEBUG_ALLOC] Type: PyInteger            | Total:     380000
[2026-03-21 20:33:47.093] [error] [DEBUG_ALLOC_TRACE] Type: PyInteger            | Total:     400000
Stack trace (most recent call first):
#0  0x000055e8ab458618 in _pylang_debug_log_alloc(char const*, std::atomic<unsigned long>&) at /home/lux/code/language/python-cpp/src/runtime/export/../../runtime/compat.hpp:34:22
#1  (inlined)          in py::PyInteger::create(__gmp_expr<__mpz_struct [1], __mpz_struct [1]>)::$_0::operator()() const at /home/lux/code/language/python-cpp/src/runtime/export/../../runtime/PyInteger.cpp:55:17
#2  0x000055e8ab2168eb in py::PyInteger::create(__gmp_expr<__mpz_struct [1], __mpz_struct [1]>) at /home/lux/code/language/python-cpp/src/runtime/export/../../runtime/PyInteger.cpp:55:17
#3  0x000055e8ab21687f in py::PyInteger::create(long) at /home/lux/code/language/python-cpp/src/runtime/export/../../runtime/PyInteger.cpp:50:9
#4  0x000055e8ab0f4bf7 in py::RtValue::box() const at /home/lux/code/language/python-cpp/src/runtime/export/../../runtime/taggered_pointer/RtValue.cpp:31:17
#5  0x000055e8ab0e82ca in rt_getattr(py::PyObject*, char const*) at /home/lux/code/language/python-cpp/src/runtime/export/rt_attr.cpp:103:56
#6  0x000055e8ab0e65f4 in test.<module>.0:0.Sieve.8:0.loop_y.48:4 at /tmp/test
#7  0x000055e8ab20e132 in py::PyNativeFunction::call_raw(std::span<std::variant<py::Number, py::String, py::Bytes, py::Ellipsis, py::NameConstant, py::Tuple, py::PyObject*>, 18446744073709551615ul>, py::PyDict*) at /home/lux/code/language/python-cpp/src/runtime/export/../../runtime/PyFunction.cpp:304:15
#8  0x000055e8ab0ee23e in rt_call_method_raw_ptrs(py::PyObject*, char const*, py::PyObject**, int, py::PyObject*) at /home/lux/code/language/python-cpp/src/runtime/export/rt_func.cpp:299:24
#9  0x000055e8ab0e682f in test.<module>.0:0.Sieve.8:0.loop_x.56:4 at /tmp/test
#10 0x000055e8ab20e132 in py::PyNativeFunction::call_raw(std::span<std::variant<py::Number, py::String, py::Bytes, py::Ellipsis, py::NameConstant, py::Tuple, py::PyObject*>, 18446744073709551615ul>, py::PyDict*) at /home/lux/code/language/python-cpp/src/runtime/export/../../runtime/PyFunction.cpp:304:15
#11 0x000055e8ab0ee23e in rt_call_method_raw_ptrs(py::PyObject*, char const*, py::PyObject**, int, py::PyObject*) at /home/lux/code/language/python-cpp/src/runtime/export/rt_func.cpp:299:24
#12 0x000055e8ab0e68e7 in test.<module>.0:0.Sieve.8:0.calc.64:4 at /tmp/test
#13 0x000055e8ab20e132 in py::PyNativeFunction::call_raw(std::span<std::variant<py::Number, py::String, py::Bytes, py::Ellipsis, py::NameConstant, py::Tuple, py::PyObject*>, 18446744073709551615ul>, py::PyDict*) at /home/lux/code/language/python-cpp/src/runtime/export/../../runtime/PyFunction.cpp:304:15
#14 0x000055e8ab0ee23e in rt_call_method_raw_ptrs(py::PyObject*, char const*, py::PyObject**, int, py::PyObject*) at /home/lux/code/language/python-cpp/src/runtime/export/rt_func.cpp:299:24
#15 0x000055e8ab0e6df0 in test.<module>.0:0.find.86:0 at /tmp/test
#16 0x000055e8ab20e132 in py::PyNativeFunction::call_raw(std::span<std::variant<py::Number, py::String, py::Bytes, py::Ellipsis, py::NameConstant, py::Tuple, py::PyObject*>, 18446744073709551615ul>, py::PyDict*) at /home/lux/code/language/python-cpp/src/runtime/export/../../runtime/PyFunction.cpp:304:15
#17 0x000055e8ab0edb2f in rt_call_raw_ptrs(py::PyObject*, py::PyObject**, int, py::PyObject*) at /home/lux/code/language/python-cpp/src/runtime/export/rt_func.cpp:236:29
#18 0x000055e8ab0e56ee in PyInit_test at /tmp/test
#19 0x000055e8ab0e7c6a in main at /tmp/test
#20 0x00007ff86f82a1c9 in __libc_start_call_main at ./csu/../sysdeps/nptl/libc_start_call_main.h:58:16
#21 0x00007ff86f82a28a in __libc_start_main_impl at ./csu/../csu/libc-start.c:360:3
#22 0x000055e8ab0e5364 in _start at /tmp/test
[2026-03-21 20:33:47.109] [error] [DEBUG_ALLOC] Type: PyInteger            | Total:     420000
[2026-03-21 20:33:47.125] [error] [DEBUG_ALLOC] Type: PyInteger            | Total:     440000
[2026-03-21 20:33:47.141] [error] [DEBUG_ALLOC] Type: PyInteger            | Total:     460000
[2026-03-21 20:33:47.157] [error] [DEBUG_ALLOC] Type: PyInteger            | Total:     480000
[2026-03-21 20:33:47.176] [error] [DEBUG_ALLOC_TRACE] Type: PyInteger            | Total:     500000
Stack trace (most recent call first):
#0  0x000055e8ab458618 in _pylang_debug_log_alloc(char const*, std::atomic<unsigned long>&) at /home/lux/code/language/python-cpp/src/runtime/export/../../runtime/compat.hpp:34:22
#1  (inlined)          in py::PyInteger::create(__gmp_expr<__mpz_struct [1], __mpz_struct [1]>)::$_0::operator()() const at /home/lux/code/language/python-cpp/src/runtime/export/../../runtime/PyInteger.cpp:55:17
#2  0x000055e8ab2168eb in py::PyInteger::create(__gmp_expr<__mpz_struct [1], __mpz_struct [1]>) at /home/lux/code/language/python-cpp/src/runtime/export/../../runtime/PyInteger.cpp:55:17
#3  0x000055e8ab21687f in py::PyInteger::create(long) at /home/lux/code/language/python-cpp/src/runtime/export/../../runtime/PyInteger.cpp:50:9
#4  0x000055e8ab0f4bf7 in py::RtValue::box() const at /home/lux/code/language/python-cpp/src/runtime/export/../../runtime/taggered_pointer/RtValue.cpp:31:17
#5  0x000055e8ab0e82ca in rt_getattr(py::PyObject*, char const*) at /home/lux/code/language/python-cpp/src/runtime/export/rt_attr.cpp:103:56
#6  0x000055e8ab0e62bb in test.<module>.0:0.Sieve.8:0.step2.38:4 at /tmp/test
#7  0x000055e8ab20e132 in py::PyNativeFunction::call_raw(std::span<std::variant<py::Number, py::String, py::Bytes, py::Ellipsis, py::NameConstant, py::Tuple, py::PyObject*>, 18446744073709551615ul>, py::PyDict*) at /home/lux/code/language/python-cpp/src/runtime/export/../../runtime/PyFunction.cpp:304:15
#8  0x000055e8ab0ee23e in rt_call_method_raw_ptrs(py::PyObject*, char const*, py::PyObject**, int, py::PyObject*) at /home/lux/code/language/python-cpp/src/runtime/export/rt_func.cpp:299:24
#9  0x000055e8ab0e667a in test.<module>.0:0.Sieve.8:0.loop_y.48:4 at /tmp/test
#10 0x000055e8ab20e132 in py::PyNativeFunction::call_raw(std::span<std::variant<py::Number, py::String, py::Bytes, py::Ellipsis, py::NameConstant, py::Tuple, py::PyObject*>, 18446744073709551615ul>, py::PyDict*) at /home/lux/code/language/python-cpp/src/runtime/export/../../runtime/PyFunction.cpp:304:15
#11 0x000055e8ab0ee23e in rt_call_method_raw_ptrs(py::PyObject*, char const*, py::PyObject**, int, py::PyObject*) at /home/lux/code/language/python-cpp/src/runtime/export/rt_func.cpp:299:24
#12 0x000055e8ab0e682f in test.<module>.0:0.Sieve.8:0.loop_x.56:4 at /tmp/test
#13 0x000055e8ab20e132 in py::PyNativeFunction::call_raw(std::span<std::variant<py::Number, py::String, py::Bytes, py::Ellipsis, py::NameConstant, py::Tuple, py::PyObject*>, 18446744073709551615ul>, py::PyDict*) at /home/lux/code/language/python-cpp/src/runtime/export/../../runtime/PyFunction.cpp:304:15
#14 0x000055e8ab0ee23e in rt_call_method_raw_ptrs(py::PyObject*, char const*, py::PyObject**, int, py::PyObject*) at /home/lux/code/language/python-cpp/src/runtime/export/rt_func.cpp:299:24
#15 0x000055e8ab0e68e7 in test.<module>.0:0.Sieve.8:0.calc.64:4 at /tmp/test
#16 0x000055e8ab20e132 in py::PyNativeFunction::call_raw(std::span<std::variant<py::Number, py::String, py::Bytes, py::Ellipsis, py::NameConstant, py::Tuple, py::PyObject*>, 18446744073709551615ul>, py::PyDict*) at /home/lux/code/language/python-cpp/src/runtime/export/../../runtime/PyFunction.cpp:304:15
#17 0x000055e8ab0ee23e in rt_call_method_raw_ptrs(py::PyObject*, char const*, py::PyObject**, int, py::PyObject*) at /home/lux/code/language/python-cpp/src/runtime/export/rt_func.cpp:299:24
#18 0x000055e8ab0e6df0 in test.<module>.0:0.find.86:0 at /tmp/test
#19 0x000055e8ab20e132 in py::PyNativeFunction::call_raw(std::span<std::variant<py::Number, py::String, py::Bytes, py::Ellipsis, py::NameConstant, py::Tuple, py::PyObject*>, 18446744073709551615ul>, py::PyDict*) at /home/lux/code/language/python-cpp/src/runtime/export/../../runtime/PyFunction.cpp:304:15
#20 0x000055e8ab0edb2f in rt_call_raw_ptrs(py::PyObject*, py::PyObject**, int, py::PyObject*) at /home/lux/code/language/python-cpp/src/runtime/export/rt_func.cpp:236:29
#21 0x000055e8ab0e56ee in PyInit_test at /tmp/test
#22 0x000055e8ab0e7c6a in main at /tmp/test
#23 0x00007ff86f82a1c9 in __libc_start_call_main at ./csu/../sysdeps/nptl/libc_start_call_main.h:58:16
#24 0x00007ff86f82a28a in __libc_start_main_impl at ./csu/../csu/libc-start.c:360:3
#25 0x000055e8ab0e5364 in _start at /tmp/test
[2026-03-21 20:33:47.192] [error] [DEBUG_ALLOC] Type: PyInteger            | Total:     520000
[2026-03-21 20:33:47.208] [error] [DEBUG_ALLOC] Type: PyInteger            | Total:     540000
[2026-03-21 20:33:47.224] [error] [DEBUG_ALLOC] Type: PyInteger            | Total:     560000
[2026-03-21 20:33:47.241] [error] [DEBUG_ALLOC] Type: PyInteger            | Total:     580000
[2026-03-21 20:33:47.260] [error] [DEBUG_ALLOC_TRACE] Type: PyInteger            | Total:     600000
Stack trace (most recent call first):